<?xml version="1.0" encoding="UTF-8"?>
<!-- Generated by org.testng.reporters.JUnitXMLReporter -->
<testsuite ignored="0" hostname="EPUAKYIW0209" failures="0" tests="7" name="GoogleCloud" time="151.649" errors="0" timestamp="2023-02-03T17:13:24 EET">
  <testcase classname="testng.GoogleCloudTest" name="openPricingCalculator" time="39.287"/>
  <testcase classname="testng.GoogleCloudTest" name="fillCalculationForm" time="17.824"/>
  <testcase classname="testng.GoogleCloudTest" name="verifyProvisioningModel" time="16.316"/>
  <testcase classname="testng.GoogleCloudTest" name="verifyInstanceType" time="19.125"/>
  <testcase classname="testng.GoogleCloudTest" name="verifyRegion" time="23.784"/>
  <testcase classname="testng.GoogleCloudTest" name="verifyLocalSsd" time="17.828"/>
  <testcase classname="testng.GoogleCloudTest" name="verifyCalculatedCost" time="17.388"/>
</testsuite> <!-- GoogleCloud -->
